<?xml version="1.0" encoding="UTF-8"?>
<testsuite name="com.practice.spring_practice.SpringPracticeApplicationTests" tests="1" skipped="0" failures="0" errors="0" timestamp="2022-03-10T08:15:46" hostname="BAEKEE" time="0.44">
  <properties/>
  <testcase name="contextLoads()" classname="com.practice.spring_practice.SpringPracticeApplicationTests" time="0.44"/>
  <system-out><![CDATA[17:15:43.421 [Test worker] DEBUG org.springframework.test.context.BootstrapUtils - Instantiating CacheAwareContextLoaderDelegate from class [org.springframework.test.context.cache.DefaultCacheAwareContextLoaderDelegate]
17:15:43.445 [Test worker] DEBUG org.springframework.test.context.BootstrapUtils - Instantiating BootstrapContext using constructor [public org.springframework.test.context.support.DefaultBootstrapContext(java.lang.Class,org.springframework.test.context.CacheAwareContextLoaderDelegate)]
17:15:43.482 [Test worker] DEBUG org.springframework.test.context.BootstrapUtils - Instantiating TestContextBootstrapper for test class [com.practice.spring_practice.SpringPracticeApplicationTests] from class [org.springframework.boot.test.context.SpringBootTestContextBootstrapper]
17:15:43.499 [Test worker] INFO org.springframework.boot.test.context.SpringBootTestContextBootstrapper - Neither @ContextConfiguration nor @ContextHierarchy found for test class [com.practice.spring_practice.SpringPracticeApplicationTests], using SpringBootContextLoader
17:15:43.505 [Test worker] DEBUG org.springframework.test.context.support.AbstractContextLoader - Did not detect default resource location for test class [com.practice.spring_practice.SpringPracticeApplicationTests]: class path resource [com/practice/spring_practice/SpringPracticeApplicationTests-context.xml] does not exist
17:15:43.506 [Test worker] DEBUG org.springframework.test.context.support.AbstractContextLoader - Did not detect default resource location for test class [com.practice.spring_practice.SpringPracticeApplicationTests]: class path resource [com/practice/spring_practice/SpringPracticeApplicationTestsContext.groovy] does not exist
17:15:43.506 [Test worker] INFO org.springframework.test.context.support.AbstractContextLoader - Could not detect default resource locations for test class [com.practice.spring_practice.SpringPracticeApplicationTests]: no resource found for suffixes {-context.xml, Context.groovy}.
17:15:43.507 [Test worker] INFO org.springframework.test.context.support.AnnotationConfigContextLoaderUtils - Could not detect default configuration classes for test class [com.practice.spring_practice.SpringPracticeApplicationTests]: SpringPracticeApplicationTests does not declare any static, non-private, non-final, nested classes annotated with @Configuration.
17:15:43.559 [Test worker] DEBUG org.springframework.test.context.support.ActiveProfilesUtils - Could not find an 'annotation declaring class' for annotation type [org.springframework.test.context.ActiveProfiles] and class [com.practice.spring_practice.SpringPracticeApplicationTests]
17:15:43.639 [Test worker] DEBUG org.springframework.context.annotation.ClassPathScanningCandidateComponentProvider - Identified candidate component class: file [C:\Study\spring_practice\spring_practice\build\classes\java\main\com\practice\spring_practice\SpringPracticeApplication.class]
17:15:43.641 [Test worker] INFO org.springframework.boot.test.context.SpringBootTestContextBootstrapper - Found @SpringBootConfiguration com.practice.spring_practice.SpringPracticeApplication for test class com.practice.spring_practice.SpringPracticeApplicationTests
17:15:43.765 [Test worker] DEBUG org.springframework.boot.test.context.SpringBootTestContextBootstrapper - @TestExecutionListeners is not present for class [com.practice.spring_practice.SpringPracticeApplicationTests]: using defaults.
17:15:43.766 [Test worker] INFO org.springframework.boot.test.context.SpringBootTestContextBootstrapper - Loaded default TestExecutionListener class names from location [META-INF/spring.factories]: [org.springframework.boot.test.autoconfigure.restdocs.RestDocsTestExecutionListener, org.springframework.boot.test.autoconfigure.web.client.MockRestServiceServerResetTestExecutionListener, org.springframework.boot.test.autoconfigure.web.servlet.MockMvcPrintOnlyOnFailureTestExecutionListener, org.springframework.boot.test.autoconfigure.web.servlet.WebDriverTestExecutionListener, org.springframework.boot.test.autoconfigure.webservices.client.MockWebServiceServerTestExecutionListener, org.springframework.boot.test.mock.mockito.MockitoTestExecutionListener, org.springframework.boot.test.mock.mockito.ResetMocksTestExecutionListener, org.springframework.test.context.web.ServletTestExecutionListener, org.springframework.test.context.support.DirtiesContextBeforeModesTestExecutionListener, org.springframework.test.context.event.ApplicationEventsTestExecutionListener, org.springframework.test.context.support.DependencyInjectionTestExecutionListener, org.springframework.test.context.support.DirtiesContextTestExecutionListener, org.springframework.test.context.transaction.TransactionalTestExecutionListener, org.springframework.test.context.jdbc.SqlScriptsTestExecutionListener, org.springframework.test.context.event.EventPublishingTestExecutionListener]
17:15:43.781 [Test worker] DEBUG org.springframework.boot.test.context.SpringBootTestContextBootstrapper - Skipping candidate TestExecutionListener [org.springframework.test.context.transaction.TransactionalTestExecutionListener] due to a missing dependency. Specify custom listener classes or make the default listener classes and their required dependencies available. Offending class: [org/springframework/transaction/TransactionDefinition]
17:15:43.782 [Test worker] DEBUG org.springframework.boot.test.context.SpringBootTestContextBootstrapper - Skipping candidate TestExecutionListener [org.springframework.test.context.jdbc.SqlScriptsTestExecutionListener] due to a missing dependency. Specify custom listener classes or make the default listener classes and their required dependencies available. Offending class: [org/springframework/transaction/interceptor/TransactionAttribute]
17:15:43.782 [Test worker] INFO org.springframework.boot.test.context.SpringBootTestContextBootstrapper - Using TestExecutionListeners: [org.springframework.test.context.web.ServletTestExecutionListener@7646731d, org.springframework.test.context.support.DirtiesContextBeforeModesTestExecutionListener@70e29e14, org.springframework.test.context.event.ApplicationEventsTestExecutionListener@3b1bb3ab, org.springframework.boot.test.mock.mockito.MockitoTestExecutionListener@5a4bef8, org.springframework.boot.test.autoconfigure.SpringBootDependencyInjectionTestExecutionListener@40bffbca, org.springframework.test.context.support.DirtiesContextTestExecutionListener@2449cff7, org.springframework.test.context.event.EventPublishingTestExecutionListener@42a9a63e, org.springframework.boot.test.autoconfigure.restdocs.RestDocsTestExecutionListener@62da83ed, org.springframework.boot.test.autoconfigure.web.client.MockRestServiceServerResetTestExecutionListener@5d8445d7, org.springframework.boot.test.autoconfigure.web.servlet.MockMvcPrintOnlyOnFailureTestExecutionListener@37d80fe7, org.springframework.boot.test.autoconfigure.web.servlet.WebDriverTestExecutionListener@384fc774, org.springframework.boot.test.autoconfigure.webservices.client.MockWebServiceServerTestExecutionListener@e3cee7b, org.springframework.boot.test.mock.mockito.ResetMocksTestExecutionListener@71e9a896]
17:15:43.788 [Test worker] DEBUG org.springframework.test.context.support.AbstractDirtiesContextTestExecutionListener - Before test class: context [DefaultTestContext@615f972 testClass = SpringPracticeApplicationTests, testInstance = [null], testMethod = [null], testException = [null], mergedContextConfiguration = [WebMergedContextConfiguration@285f09de testClass = SpringPracticeApplicationTests, locations = '{}', classes = '{class com.practice.spring_practice.SpringPracticeApplication}', contextInitializerClasses = '[]', activeProfiles = '{}', propertySourceLocations = '{}', propertySourceProperties = '{org.springframework.boot.test.context.SpringBootTestContextBootstrapper=true}', contextCustomizers = set[org.springframework.boot.test.autoconfigure.actuate.metrics.MetricsExportContextCustomizerFactory$DisableMetricExportContextCustomizer@5c153b9e, org.springframework.boot.test.autoconfigure.properties.PropertyMappingContextCustomizer@0, org.springframework.boot.test.autoconfigure.web.servlet.WebDriverContextCustomizerFactory$Customizer@5bd82fed, org.springframework.boot.test.context.filter.ExcludeFilterContextCustomizer@549949be, org.springframework.boot.test.json.DuplicateJsonObjectContextCustomizerFactory$DuplicateJsonObjectContextCustomizer@3eeb318f, org.springframework.boot.test.mock.mockito.MockitoContextCustomizer@0, org.springframework.boot.test.web.client.TestRestTemplateContextCustomizer@6f0b0a5e, org.springframework.boot.test.context.SpringBootTestArgs@1, org.springframework.boot.test.context.SpringBootTestWebEnvironment@4b8729ff], resourceBasePath = 'src/main/webapp', contextLoader = 'org.springframework.boot.test.context.SpringBootContextLoader', parent = [null]], attributes = map['org.springframework.test.context.web.ServletTestExecutionListener.activateListener' -> true]], class annotated with @DirtiesContext [false] with mode [null].

  .   ____          _            __ _ _
 /\\ / ___'_ __ _ _(_)_ __  __ _ \ \ \ \
( ( )\___ | '_ | '_| | '_ \/ _` | \ \ \ \
 \\/  ___)| |_)| | | | | || (_| |  ) ) ) )
  '  |____| .__|_| |_|_| |_\__, | / / / /
 =========|_|==============|___/=/_/_/_/
 :: Spring Boot ::                (v2.6.4)

2022-03-10 17:15:44.228  INFO 17656 --- [    Test worker] c.p.s.SpringPracticeApplicationTests     : Starting SpringPracticeApplicationTests using Java 11.0.13 on baekee with PID 17656 (started by megatus in C:\Study\spring_practice\spring_practice)
2022-03-10 17:15:44.230  INFO 17656 --- [    Test worker] c.p.s.SpringPracticeApplicationTests     : No active profile set, falling back to 1 default profile: "default"
2022-03-10 17:15:45.920  INFO 17656 --- [    Test worker] o.s.b.a.w.s.WelcomePageHandlerMapping    : Adding welcome page: class path resource [static/index.html]
2022-03-10 17:15:46.306  INFO 17656 --- [    Test worker] c.p.s.SpringPracticeApplicationTests     : Started SpringPracticeApplicationTests in 2.463 seconds (JVM running for 4.305)
]]></system-out>
  <system-err><![CDATA[]]></system-err>
</testsuite>
